This is pdfTeX, Version 3.14159265-2.6-1.40.20 (TeX Live 2019/Debian) (preloaded format=pdflatex 2021.10.18)  7 NOV 2021 19:32
entering extended mode
 restricted \write18 enabled.
 %&-line parsing enabled.
**MIP1skeleton
(./MIP1skeleton.tex
LaTeX2e <2020-02-02> patch level 2
L3 programming layer <2020-02-14> (./infthesis.cls
Document Class: infthesis 2013/02/07 v3.7 School of Informatics Thesis Class
(/usr/share/texlive/texmf-dist/tex/latex/geometry/geometry.sty
Package: geometry 2020/01/02 v5.9 Page Geometry

(/usr/share/texlive/texmf-dist/tex/latex/graphics/keyval.sty
Package: keyval 2014/10/28 v1.15 key=value parser (DPC)
\KV@toks@=\toks14
)
(/usr/share/texlive/texmf-dist/tex/generic/iftex/ifvtex.sty
Package: ifvtex 2019/10/25 v1.7 ifvtex legacy package. Use iftex instead.

(/usr/share/texlive/texmf-dist/tex/generic/iftex/iftex.sty
Package: iftex 2019/11/07 v1.0c TeX engine tests
))
\Gm@cnth=\count167
\Gm@cntv=\count168
\c@Gm@tempcnt=\count169
\Gm@bindingoffset=\dimen134
\Gm@wd@mp=\dimen135
\Gm@odd@mp=\dimen136
\Gm@even@mp=\dimen137
\Gm@layoutwidth=\dimen138
\Gm@layoutheight=\dimen139
\Gm@layouthoffset=\dimen140
\Gm@layoutvoffset=\dimen141
\Gm@dimlist=\toks15
)
(/usr/share/texlive/texmf-dist/tex/latex/base/ifthen.sty
Package: ifthen 2014/09/29 v1.1c Standard LaTeX ifthen package (DPC)
)
(/usr/share/texlive/texmf-dist/tex/latex/graphics/graphics.sty
Package: graphics 2019/11/30 v1.4a Standard LaTeX Graphics (DPC,SPQR)

(/usr/share/texlive/texmf-dist/tex/latex/graphics/trig.sty
Package: trig 2016/01/03 v1.10 sin cos tan (DPC)
)
(/usr/share/texlive/texmf-dist/tex/latex/graphics-cfg/graphics.cfg
File: graphics.cfg 2016/06/04 v1.11 sample graphics configuration
)
Package graphics Info: Driver file: pdftex.def on input line 105.

(/usr/share/texlive/texmf-dist/tex/latex/graphics-def/pdftex.def
File: pdftex.def 2018/01/08 v1.0l Graphics/color driver for pdftex
))
(/usr/share/texlive/texmf-dist/tex/latex/tools/xspace.sty
Package: xspace 2014/10/28 v1.13 Space after command names (DPC,MH)
) (./eushield.sty
Package: eushield 2006/08/28\ v1.1\ Commands for including the EU shield graphi
c

(/usr/share/texlive/texmf-dist/tex/generic/iftex/ifpdf.sty
Package: ifpdf 2019/10/25 v3.4 ifpdf legacy package. Use iftex instead.
))
(/usr/share/texlive/texmf-dist/tex/latex/base/report.cls
Document Class: report 2019/12/20 v1.4l Standard LaTeX document class
(/usr/share/texlive/texmf-dist/tex/latex/base/size12.clo
File: size12.clo 2019/12/20 v1.4l Standard LaTeX file (size option)
)
\c@part=\count170
\c@chapter=\count171
\c@section=\count172
\c@subsection=\count173
\c@subsubsection=\count174
\c@paragraph=\count175
\c@subparagraph=\count176
\c@figure=\count177
\c@table=\count178
\abovecaptionskip=\skip47
\belowcaptionskip=\skip48
\bibindent=\dimen142
)
(/usr/share/texlive/texmf-dist/tex/latex/pslatex/pslatex.sty
Package: pslatex 1996/07/24 v1.2 pslatex emulation (DPC)
LaTeX Font Info:    Redeclaring symbol font `operators' on input line 65.
LaTeX Font Info:    Overwriting symbol font `operators' in version `normal'
(Font)                  OT1/cmr/m/n --> OT1/ptmcm/m/n on input line 65.
LaTeX Font Info:    Overwriting symbol font `operators' in version `bold'
(Font)                  OT1/cmr/bx/n --> OT1/ptmcm/m/n on input line 65.
LaTeX Font Info:    Redeclaring symbol font `letters' on input line 66.
LaTeX Font Info:    Overwriting symbol font `letters' in version `normal'
(Font)                  OML/cmm/m/it --> OML/ptmcm/m/it on input line 66.
LaTeX Font Info:    Overwriting symbol font `letters' in version `bold'
(Font)                  OML/cmm/b/it --> OML/ptmcm/m/it on input line 66.
LaTeX Font Info:    Redeclaring symbol font `symbols' on input line 67.
LaTeX Font Info:    Overwriting symbol font `symbols' in version `normal'
(Font)                  OMS/cmsy/m/n --> OMS/pzccm/m/n on input line 67.
LaTeX Font Info:    Overwriting symbol font `symbols' in version `bold'
(Font)                  OMS/cmsy/b/n --> OMS/pzccm/m/n on input line 67.
LaTeX Font Info:    Redeclaring symbol font `largesymbols' on input line 68.
LaTeX Font Info:    Overwriting symbol font `largesymbols' in version `normal'
(Font)                  OMX/cmex/m/n --> OMX/psycm/m/n on input line 68.
LaTeX Font Info:    Overwriting symbol font `largesymbols' in version `bold'
(Font)                  OMX/cmex/m/n --> OMX/psycm/m/n on input line 68.
\symbold=\mathgroup4
\symitalic=\mathgroup5
LaTeX Font Info:    Redeclaring math alphabet \mathbf on input line 74.
LaTeX Font Info:    Overwriting math alphabet `\mathbf' in version `normal'
(Font)                  OT1/cmr/bx/n --> OT1/ptm/bx/n on input line 74.
LaTeX Font Info:    Overwriting math alphabet `\mathbf' in version `bold'
(Font)                  OT1/cmr/bx/n --> OT1/ptm/bx/n on input line 74.
LaTeX Font Info:    Redeclaring math alphabet \mathit on input line 75.
LaTeX Font Info:    Overwriting math alphabet `\mathit' in version `normal'
(Font)                  OT1/cmr/m/it --> OT1/ptm/m/it on input line 75.
LaTeX Font Info:    Overwriting math alphabet `\mathit' in version `bold'
(Font)                  OT1/cmr/bx/it --> OT1/ptm/m/it on input line 75.
)
(/usr/share/texlive/texmf-dist/tex/latex/sectsty/sectsty.sty
Package: sectsty 2002/02/25 v2.0.2 Commands to change all sectional heading sty
les


LaTeX Warning: Command \underbar  has changed.
               Check if current package is valid.


LaTeX Warning: Command \underline  has changed.
               Check if current package is valid.

) (/usr/share/texlive/texmf-dist/tex/latex/caption/caption.sty
Package: caption 2020/01/03 v3.4h Customizing captions (AR)

(/usr/share/texlive/texmf-dist/tex/latex/caption/caption3.sty
Package: caption3 2020/01/03 v1.8h caption3 kernel (AR)
Package caption3 Info: TeX engine: e-TeX on input line 61.
\captionmargin=\dimen143
\captionmargin@=\dimen144
\captionwidth=\dimen145
\caption@tempdima=\dimen146
\caption@indent=\dimen147
\caption@parindent=\dimen148
\caption@hangindent=\dimen149
Package caption Info: Standard document class detected.
)
\c@caption@flags=\count179
\c@continuedfloat=\count180
))
(/usr/share/texlive/texmf-dist/tex/latex/parskip/parskip.sty
Package: parskip 2020-01-22 v2.0d non-zero parskip adjustments

(/usr/share/texlive/texmf-dist/tex/latex/kvoptions/kvoptions.sty
Package: kvoptions 2019/11/29 v3.13 Key value format for package options (HO)

(/usr/share/texlive/texmf-dist/tex/generic/ltxcmds/ltxcmds.sty
Package: ltxcmds 2019/12/15 v1.24 LaTeX kernel commands for general use (HO)
)
(/usr/share/texlive/texmf-dist/tex/generic/kvsetkeys/kvsetkeys.sty
Package: kvsetkeys 2019/12/15 v1.18 Key value parser (HO)
))
(/usr/share/texlive/texmf-dist/tex/latex/etoolbox/etoolbox.sty
Package: etoolbox 2019/09/21 v2.5h e-TeX tools for LaTeX (JAW)
\etb@tempcnta=\count181
))
(/usr/share/texlive/texmf-dist/tex/latex/l3backend/l3backend-pdfmode.def
File: l3backend-pdfmode.def 2020-02-03 L3 backend support: PDF mode
\l__kernel_color_stack_int=\count182
\l__pdf_internal_box=\box45
)
(./MIP1skeleton.aux)
\openout1 = `MIP1skeleton.aux'.

LaTeX Font Info:    Checking defaults for OML/cmm/m/it on input line 4.
LaTeX Font Info:    ... okay on input line 4.
LaTeX Font Info:    Checking defaults for OMS/pzccm/m/n on input line 4.
LaTeX Font Info:    Trying to load font information for OMS+pzccm on input line
 4.

(/usr/share/texlive/texmf-dist/tex/latex/psnfss/omspzccm.fd
File: omspzccm.fd 2000/01/03 Fontinst v1.801 font definitions for OMS/pzccm.
)
LaTeX Font Info:    ... okay on input line 4.
LaTeX Font Info:    Checking defaults for OT1/cmr/m/n on input line 4.
LaTeX Font Info:    ... okay on input line 4.
LaTeX Font Info:    Checking defaults for T1/cmr/m/n on input line 4.
LaTeX Font Info:    ... okay on input line 4.
LaTeX Font Info:    Checking defaults for TS1/cmr/m/n on input line 4.
LaTeX Font Info:    ... okay on input line 4.
LaTeX Font Info:    Checking defaults for OMX/cmex/m/n on input line 4.
LaTeX Font Info:    ... okay on input line 4.
LaTeX Font Info:    Checking defaults for U/cmr/m/n on input line 4.
LaTeX Font Info:    ... okay on input line 4.

*geometry* driver: auto-detecting
*geometry* detected driver: pdftex
*geometry* verbose mode - [ preamble ] result:
* driver: pdftex
* paper: a4paper
* layout: <same size as paper>
* layoutoffset:(h,v)=(0.0pt,0.0pt)
* modes: 
* h-part:(L,W,R)=(113.81102pt, 412.56497pt, 71.13188pt)
* v-part:(T,H,B)=(56.9055pt, 674.33032pt, 113.81102pt)
* \paperwidth=597.50787pt
* \paperheight=845.04684pt
* \textwidth=412.56497pt
* \textheight=674.33032pt
* \oddsidemargin=41.54103pt
* \evensidemargin=41.54103pt
* \topmargin=-52.36449pt
* \headheight=12.0pt
* \headsep=25.0pt
* \topskip=12.0pt
* \footskip=30.0pt
* \marginparwidth=35.0pt
* \marginparsep=10.0pt
* \columnsep=10.0pt
* \skip\footins=10.8pt plus 4.0pt minus 2.0pt
* \hoffset=0.0pt
* \voffset=0.0pt
* \mag=1000
* \@twocolumnfalse
* \@twosidefalse
* \@mparswitchfalse
* \@reversemarginfalse
* (1in=72.27pt=25.4mm, 1cm=28.453pt)

(/usr/share/texlive/texmf-dist/tex/context/base/mkii/supp-pdf.mkii
[Loading MPS to PDF converter (version 2006.09.02).]
\scratchcounter=\count183
\scratchdimen=\dimen150
\scratchbox=\box46
\nofMPsegments=\count184
\nofMParguments=\count185
\everyMPshowfont=\toks16
\MPscratchCnt=\count186
\MPscratchDim=\dimen151
\MPnumerator=\count187
\makeMPintoPDFobject=\count188
\everyMPtoPDFconversion=\toks17
) (/usr/share/texlive/texmf-dist/tex/latex/epstopdf-pkg/epstopdf-base.sty
Package: epstopdf-base 2020-01-24 v2.11 Base part for package epstopdf
Package epstopdf-base Info: Redefining graphics rule for `.eps' on input line 4
85.

(/usr/share/texlive/texmf-dist/tex/latex/latexconfig/epstopdf-sys.cfg
File: epstopdf-sys.cfg 2010/07/13 v1.3 Configuration of (r)epstopdf for TeX Liv
e
))
Package caption Info: Begin \AtBeginDocument code.
Package caption Info: End \AtBeginDocument code.
LaTeX Font Info:    Font shape `OT1/phv/b/n' will be
(Font)              scaled to size 18.66588pt on input line 25.

[1

{/var/lib/texmf/fonts/map/pdftex/updmap/pdftex.map}]
LaTeX Font Info:    Font shape `OT1/phv/m/n' will be
(Font)              scaled to size 10.79993pt on input line 25.
LaTeX Font Info:    Font shape `OT1/phv/b/n' will be
(Font)              scaled to size 10.79993pt on input line 25.
 [1

]
LaTeX Font Info:    Font shape `OT1/phv/b/n' will be
(Font)              scaled to size 15.55188pt on input line 27.
 [2]
LaTeX Font Info:    Font shape `OT1/phv/b/n' will be
(Font)              scaled to size 22.39185pt on input line 30.

(./MIP1skeleton.toc
LaTeX Font Info:    Trying to load font information for OT1+ptmcm on input line
 2.
 (/usr/share/texlive/texmf-dist/tex/latex/psnfss/ot1ptmcm.fd
File: ot1ptmcm.fd 2000/01/03 Fontinst v1.801 font definitions for OT1/ptmcm.
)
LaTeX Font Info:    Trying to load font information for OML+ptmcm on input line
 2.
 (/usr/share/texlive/texmf-dist/tex/latex/psnfss/omlptmcm.fd
File: omlptmcm.fd 2000/01/03 Fontinst v1.801 font definitions for OML/ptmcm.
)
LaTeX Font Info:    Trying to load font information for OMX+psycm on input line
 2.

(/usr/share/texlive/texmf-dist/tex/latex/psnfss/omxpsycm.fd
File: omxpsycm.fd 2000/01/03 Fontinst v1.801 font definitions for OMX/psycm.
)
LaTeX Font Info:    Font shape `OT1/ptm/bx/n' in size <12> not available
(Font)              Font shape `OT1/ptm/b/n' tried instead on input line 2.
LaTeX Font Info:    Font shape `OT1/ptm/bx/n' in size <9> not available
(Font)              Font shape `OT1/ptm/b/n' tried instead on input line 2.
LaTeX Font Info:    Font shape `OT1/ptm/bx/n' in size <7> not available
(Font)              Font shape `OT1/ptm/b/n' tried instead on input line 2.
)
\tf@toc=\write3
\openout3 = `MIP1skeleton.toc'.

 [3

]
Chapter 1.
LaTeX Font Info:    Trying to load font information for TS1+ptm on input line 3
9.
(/usr/share/texlive/texmf-dist/tex/latex/psnfss/ts1ptm.fd
File: ts1ptm.fd 2001/06/04 font definitions for TS1/ptm.
) [1


]

LaTeX Warning: Citation `P1' on page 2 undefined on input line 82.


LaTeX Warning: Citation `P2' on page 2 undefined on input line 82.

LaTeX Font Info:    Font shape `OT1/phv/m/it' in size <12> not available
(Font)              Font shape `OT1/phv/m/sl' tried instead on input line 89.
LaTeX Font Info:    Font shape `OT1/phv/m/sl' will be
(Font)              scaled to size 10.79993pt on input line 89.
[2]
Chapter 2.

Overfull \hbox (3.06326pt too wide) in paragraph at lines 95--96
\OT1/ptm/m/n/12 a map and speak to other users in the same "room", au-to-mat-i-
cally be-gin-ning voice/video
 []

[3

]
Overfull \hbox (46.65967pt too wide) in paragraph at lines 105--106
\OT1/ptm/m/n/12 held events for over 10,000 com-pa-nies and or-ga-ni-za-tions (
https://www.gather.town/conferences),
 []

! Missing $ inserted.
<inserted text> 
                $
l.107 ...le/Colin-Mcclure-3/publication/353223799_
                                                  Gathertown_An_opportunity_...

? 
! Double subscript.
l.107 ...opportunity_for_self-paced_learning_in_a_
                                                  synchronous_distance-learn...

? 
! Double subscript.
l.107 ...ion_in_Online_Computer_Science_Courses_-_
                                                  An_Explorative_Case_Study/...

? 
! Missing $ inserted.
<inserted text> 
                $
l.108 
      
? 

Overfull \hbox (21.4458pt too wide) in paragraph at lines 107--108
\OT1/ptm/m/n/12 still sig-nif-i-cantly worse than in per-son teaching(https://w
ww.researchgate.net/profile/Colin-
 []


Overfull \hbox (121.47299pt too wide) in paragraph at lines 107--108
\OT1/ptm/m/n/12 Mcclure-3/publication/353223799$[]\OML/ptmcm/m/it/12 athertown[
]n[]pportunity[]or[]elf \OMS/pzccm/m/n/12 ^^@ \OML/ptmcm/m/it/12 paced[]earning
[]n[][]ynchronous[]istance \OMS/pzccm/m/n/12 ^^@
 []


Overfull \hbox (37.8906pt too wide) in paragraph at lines 107--108
\OML/ptmcm/m/it/12 learning[]nvironment=links=\OT1/ptmcm/m/n/12 60\OML/ptmcm/m/
it/12 f\OT1/ptmcm/m/n/12 82\OML/ptmcm/m/it/12 c\OT1/ptmcm/m/n/12 692\OML/ptmcm/
m/it/12 bf\OT1/ptmcm/m/n/12 3553\OML/ptmcm/m/it/12 b\OT1/ptmcm/m/n/12 2902798\O
ML/ptmcm/m/it/12 e=Gathertown \OMS/pzccm/m/n/12 ^^@ \OML/ptmcm/m/it/12 An \OMS/
pzccm/m/n/12 ^^@ \OML/ptmcm/m/it/12 opportunity \OMS/pzccm/m/n/12 ^^@
 []


Overfull \hbox (567.91118pt too wide) in paragraph at lines 107--108
\OML/ptmcm/m/it/12 for \OMS/pzccm/m/n/12 ^^@ \OML/ptmcm/m/it/12 self \OMS/pzccm
/m/n/12 ^^@ \OML/ptmcm/m/it/12 paced \OMS/pzccm/m/n/12 ^^@ \OML/ptmcm/m/it/12 l
earning \OMS/pzccm/m/n/12 ^^@ \OML/ptmcm/m/it/12 in \OMS/pzccm/m/n/12 ^^@ \OML/
ptmcm/m/it/12 a \OMS/pzccm/m/n/12 ^^@ \OML/ptmcm/m/it/12 synchronous \OMS/pzccm
/m/n/12 ^^@ \OML/ptmcm/m/it/12 distance \OMS/pzccm/m/n/12 ^^@ \OML/ptmcm/m/it/1
2 learning \OMS/pzccm/m/n/12 ^^@ \OML/ptmcm/m/it/12 environment:pdf\OT1/ptmcm/m
/n/12 )\OML/ptmcm/m/it/12 :Anothersmallercasestudy\OT1/ptmcm/m/n/12 (16\OML/ptm
cm/m/it/12 students\OT1/ptmcm/m/n/12 )\OML/ptmcm/m/it/12 involvingtwodifferentu
niversitycoursesfoundasimilarresult\OT1/ptmcm/m/n/12 (\OML/ptmcm/m/it/12 https 
\OT1/ptmcm/m/n/12 :
 []


Overfull \hbox (15.74191pt too wide) in paragraph at lines 107--108
\OML/ptmcm/m/it/12 ==www:researchgate:net=profile=Bernhard \OMS/pzccm/m/n/12 ^^
@ \OML/ptmcm/m/it/12 Standl=publication=\OT1/ptmcm/m/n/12 355061975[]\OML/ptmcm
/m/it/12 tudent \OMS/pzccm/m/n/12 ^^@
 []


Overfull \hbox (178.54523pt too wide) in paragraph at lines 107--108
\OML/ptmcm/m/it/12 Collaboration[]n[]nline[]omputer[]cience[]ourses[][]n[]xplor
ative[]ase[]tudy=links=\OT1/ptmcm/m/n/12 615\OML/ptmcm/m/it/12 c\OT1/ptmcm/m/n/
12 30995\OML/ptmcm/m/it/12 a\OT1/ptmcm/m/n/12 481543\OML/ptmcm/m/it/12 a\OT1/pt
mcm/m/n/12 87\OML/ptmcm/m/it/12 f\OT1/ptmcm/m/n/12 3793\OML/ptmcm/m/it/12 =Stud
ent \OMS/pzccm/m/n/12 ^^@
 []


Overfull \hbox (135.70328pt too wide) in paragraph at lines 107--108
\OML/ptmcm/m/it/12 Case \OMS/pzccm/m/n/12 ^^@ \OML/ptmcm/m/it/12 Study:pdf\OT1/
ptmcm/m/n/12 )\OML/ptmcm/m/it/12 ; soitisthereforereasonabletoconcludethatGathe
r:towniseffectiveineducationalenvironments:$ 
 []

[4]
Overfull \hbox (82.02124pt too wide) in paragraph at lines 115--116
\OT1/ptm/m/n/12 so-ci-a-tion of In-ter-net Re-searchers (https://journals.uic.e
du/ojs/index.php/spir/article/view/12188/10324).
 []

[5]
Overfull \hbox (36.99805pt too wide) in paragraph at lines 131--132
[]\OT1/ptm/m/n/12 Links has a web server model that will be used in this projec
t (de-tailed https://github.com/links-
 []


Overfull \hbox (110.13892pt too wide) in paragraph at lines 135--136
\OT1/ptm/m/n/12 users. Other pro-vided ex-am-ple code (https://gist.github.com/
SimonJF/cac22ed65c43c452a6fbde52213bb425)
 []

[6] [7] [8]
Chapter 3.
(./MIP1skeleton.bbl [9

]) [10

] (./MIP1skeleton.aux)

LaTeX Warning: There were undefined references.

 ) 
Here is how much of TeX's memory you used:
 4049 strings out of 483183
 61949 string characters out of 5966291
 302074 words of memory out of 5000000
 18998 multiletter control sequences out of 15000+600000
 570631 words of font info for 87 fonts, out of 8000000 for 9000
 14 hyphenation exceptions out of 8191
 49i,6n,46p,1325b,296s stack positions out of 5000i,500n,10000p,200000b,80000s
{/usr/share/texlive/texmf-dist/fonts/enc/dvips/base/8r.enc}</usr/share/texliv
e/texmf-dist/fonts/type1/public/amsfonts/cm/cmmi10.pfb></usr/share/texlive/texm
f-dist/fonts/type1/public/amsfonts/cm/cmr10.pfb></usr/share/texlive/texmf-dist/
fonts/type1/public/amsfonts/cm/cmsy10.pfb></usr/share/texlive/texmf-dist/fonts/
type1/urw/courier/ucrr8a.pfb></usr/share/texlive/texmf-dist/fonts/type1/urw/hel
vetic/uhvb8a.pfb></usr/share/texlive/texmf-dist/fonts/type1/urw/helvetic/uhvr8a
.pfb></usr/share/texlive/texmf-dist/fonts/type1/urw/helvetic/uhvro8a.pfb></usr/
share/texlive/texmf-dist/fonts/type1/urw/times/utmb8a.pfb></usr/share/texlive/t
exmf-dist/fonts/type1/urw/times/utmbi8a.pfb></usr/share/texlive/texmf-dist/font
s/type1/urw/times/utmr8a.pfb></usr/share/texlive/texmf-dist/fonts/type1/urw/tim
es/utmri8a.pfb>
Output written on MIP1skeleton.pdf (14 pages, 127049 bytes).
PDF statistics:
 95 PDF objects out of 1000 (max. 8388607)
 67 compressed objects within 1 object stream
 0 named destinations out of 1000 (max. 500000)
 1 words of extra memory for PDF output out of 10000 (max. 10000000)

